build/app/intermediates/manifest_merge_blame_file/debug/manifest-merger-blame-debug-report.txt
1<?xml version="1.0" encoding="utf-8"?>
2<manifest xmlns:android="http://schemas.android.com/apk/res/android"
3    package="com.optinmapresta"
4    android:versionCode="1"
5    android:versionName="1.0.0" >
6
7    <uses-sdk
8        android:minSdkVersion="17"
9        android:targetSdkVersion="28" />
10    <!--
11         Flutter needs it to communicate with the running application
12         to allow setting breakpoints, to provide hot reload, etc.
13    -->
14    <uses-permission android:name="android.permission.INTERNET" />
14-->src\main\AndroidManifest.xml:9:5-67
14-->src\main\AndroidManifest.xml:9:22-64
15    <uses-permission android:name="android.permission.ACCESS_WIFI_STATE" />
15-->src\main\AndroidManifest.xml:10:5-76
15-->src\main\AndroidManifest.xml:10:22-73
16    <uses-permission android:name="android.permission.ACCESS_NETWORK_STATE" />
16-->src\main\AndroidManifest.xml:11:5-79
16-->src\main\AndroidManifest.xml:11:22-76
17    <uses-permission android:name="android.permission.WRITE_EXTERNAL_STORAGE" />
17-->src\main\AndroidManifest.xml:12:5-80
17-->src\main\AndroidManifest.xml:12:22-78
18    <uses-permission android:name="android.permission.READ_EXTERNAL_STORAGE" />
18-->src\main\AndroidManifest.xml:13:5-80
18-->src\main\AndroidManifest.xml:13:22-77
19    <uses-permission android:name="android.permission.ACCESS_FINE_LOCATION" />
19-->src\main\AndroidManifest.xml:14:5-79
19-->src\main\AndroidManifest.xml:14:22-76
20    <uses-permission android:name="android.permission.ACCESS_COARSE_LOCATION" /> <!-- Create a unique permission for your app and use it so only your app can receive your OneSignal messages. -->
20-->src\main\AndroidManifest.xml:15:5-81
20-->src\main\AndroidManifest.xml:15:22-78
21    <permission
21-->[com.onesignal:OneSignal:3.15.3] AndroidManifest.xml:7:5-9:47
22        android:name="com.optinmapresta.permission.C2D_MESSAGE"
22-->[com.onesignal:OneSignal:3.15.3] AndroidManifest.xml:8:9-63
23        android:protectionLevel="signature" />
23-->[com.onesignal:OneSignal:3.15.3] AndroidManifest.xml:9:9-44
24
25    <uses-permission android:name="com.optinmapresta.permission.C2D_MESSAGE" />
25-->[com.onesignal:OneSignal:3.15.3] AndroidManifest.xml:11:5-79
25-->[com.onesignal:OneSignal:3.15.3] AndroidManifest.xml:11:22-76
26    <uses-permission android:name="com.google.android.c2dm.permission.RECEIVE" /> <!-- Required, makes sure notifications are delivered on time. -->
26-->[com.onesignal:OneSignal:3.15.3] AndroidManifest.xml:17:5-82
26-->[com.onesignal:OneSignal:3.15.3] AndroidManifest.xml:17:22-79
27    <uses-permission android:name="android.permission.WAKE_LOCK" />
27-->[com.onesignal:OneSignal:3.15.3] AndroidManifest.xml:18:5-68
27-->[com.onesignal:OneSignal:3.15.3] AndroidManifest.xml:18:22-65
28    <!--
29 Required so the device vibrates on receiving a push notification.
30         Vibration settings of the device still apply.
31    -->
32    <uses-permission android:name="android.permission.VIBRATE" />
32-->[com.onesignal:OneSignal:3.15.3] AndroidManifest.xml:23:5-66
32-->[com.onesignal:OneSignal:3.15.3] AndroidManifest.xml:23:22-63
33    <!--
34 Use to restore notifications the user hasn't interacted with.
35         They could be missed notifications if the user reboots their device if this isn't in place.
36    -->
37    <uses-permission android:name="android.permission.RECEIVE_BOOT_COMPLETED" /> <!-- START: ShortcutBadger -->
37-->[com.onesignal:OneSignal:3.15.3] AndroidManifest.xml:29:5-81
37-->[com.onesignal:OneSignal:3.15.3] AndroidManifest.xml:29:22-78
38    <!-- Samsung -->
39    <uses-permission android:name="com.sec.android.provider.badge.permission.READ" />
39-->[com.onesignal:OneSignal:3.15.3] AndroidManifest.xml:31:5-86
39-->[com.onesignal:OneSignal:3.15.3] AndroidManifest.xml:31:22-83
40    <uses-permission android:name="com.sec.android.provider.badge.permission.WRITE" /> <!-- HTC -->
40-->[com.onesignal:OneSignal:3.15.3] AndroidManifest.xml:32:5-87
40-->[com.onesignal:OneSignal:3.15.3] AndroidManifest.xml:32:22-84
41    <uses-permission android:name="com.htc.launcher.permission.READ_SETTINGS" />
41-->[com.onesignal:OneSignal:3.15.3] AndroidManifest.xml:33:5-81
41-->[com.onesignal:OneSignal:3.15.3] AndroidManifest.xml:33:22-78
42    <uses-permission android:name="com.htc.launcher.permission.UPDATE_SHORTCUT" /> <!-- Sony -->
42-->[com.onesignal:OneSignal:3.15.3] AndroidManifest.xml:34:5-83
42-->[com.onesignal:OneSignal:3.15.3] AndroidManifest.xml:34:22-80
43    <uses-permission android:name="com.sonyericsson.home.permission.BROADCAST_BADGE" />
43-->[com.onesignal:OneSignal:3.15.3] AndroidManifest.xml:35:5-88
43-->[com.onesignal:OneSignal:3.15.3] AndroidManifest.xml:35:22-85
44    <uses-permission android:name="com.sonymobile.home.permission.PROVIDER_INSERT_BADGE" /> <!-- Apex -->
44-->[com.onesignal:OneSignal:3.15.3] AndroidManifest.xml:36:5-92
44-->[com.onesignal:OneSignal:3.15.3] AndroidManifest.xml:36:22-89
45    <uses-permission android:name="com.anddoes.launcher.permission.UPDATE_COUNT" /> <!-- Solid -->
45-->[com.onesignal:OneSignal:3.15.3] AndroidManifest.xml:37:5-84
45-->[com.onesignal:OneSignal:3.15.3] AndroidManifest.xml:37:22-81
46    <uses-permission android:name="com.majeur.launcher.permission.UPDATE_BADGE" /> <!-- Huawei -->
46-->[com.onesignal:OneSignal:3.15.3] AndroidManifest.xml:38:5-83
46-->[com.onesignal:OneSignal:3.15.3] AndroidManifest.xml:38:22-80
47    <uses-permission android:name="com.huawei.android.launcher.permission.CHANGE_BADGE" />
47-->[com.onesignal:OneSignal:3.15.3] AndroidManifest.xml:39:5-91
47-->[com.onesignal:OneSignal:3.15.3] AndroidManifest.xml:39:22-88
48    <uses-permission android:name="com.huawei.android.launcher.permission.READ_SETTINGS" />
48-->[com.onesignal:OneSignal:3.15.3] AndroidManifest.xml:40:5-92
48-->[com.onesignal:OneSignal:3.15.3] AndroidManifest.xml:40:22-89
49    <uses-permission android:name="com.huawei.android.launcher.permission.WRITE_SETTINGS" /> <!-- ZUK -->
49-->[com.onesignal:OneSignal:3.15.3] AndroidManifest.xml:41:5-93
49-->[com.onesignal:OneSignal:3.15.3] AndroidManifest.xml:41:22-90
50    <uses-permission android:name="android.permission.READ_APP_BADGE" /> <!-- OPPO -->
50-->[com.onesignal:OneSignal:3.15.3] AndroidManifest.xml:42:5-73
50-->[com.onesignal:OneSignal:3.15.3] AndroidManifest.xml:42:22-70
51    <uses-permission android:name="com.oppo.launcher.permission.READ_SETTINGS" />
51-->[com.onesignal:OneSignal:3.15.3] AndroidManifest.xml:43:5-82
51-->[com.onesignal:OneSignal:3.15.3] AndroidManifest.xml:43:22-79
52    <uses-permission android:name="com.oppo.launcher.permission.WRITE_SETTINGS" /> <!-- EvMe -->
52-->[com.onesignal:OneSignal:3.15.3] AndroidManifest.xml:44:5-83
52-->[com.onesignal:OneSignal:3.15.3] AndroidManifest.xml:44:22-80
53    <uses-permission android:name="me.everything.badger.permission.BADGE_COUNT_READ" />
53-->[com.onesignal:OneSignal:3.15.3] AndroidManifest.xml:45:5-88
53-->[com.onesignal:OneSignal:3.15.3] AndroidManifest.xml:45:22-85
54    <uses-permission android:name="me.everything.badger.permission.BADGE_COUNT_WRITE" />
54-->[com.onesignal:OneSignal:3.15.3] AndroidManifest.xml:46:5-89
54-->[com.onesignal:OneSignal:3.15.3] AndroidManifest.xml:46:22-86
55    <uses-permission android:name="com.google.android.finsky.permission.BIND_GET_INSTALL_REFERRER_SERVICE" />
55-->[com.google.android.gms:play-services-measurement:17.2.2] AndroidManifest.xml:26:5-110
55-->[com.google.android.gms:play-services-measurement:17.2.2] AndroidManifest.xml:26:22-107
56
57    <application
57-->src\main\AndroidManifest.xml:17:5-43:19
58        android:name="io.flutter.app.FlutterApplication"
58-->src\main\AndroidManifest.xml:18:9-57
59        android:appComponentFactory="androidx.core.app.CoreComponentFactory"
59-->[androidx.core:core:1.2.0] AndroidManifest.xml:24:18-86
60        android:debuggable="true"
61        android:icon="@mipmap/ic_launcher"
61-->src\main\AndroidManifest.xml:20:9-43
62        android:label="@string/app_name"
62-->src\main\AndroidManifest.xml:19:9-41
63        android:usesCleartextTraffic="true" >
63-->src\main\AndroidManifest.xml:21:9-44
64        <activity
64-->src\main\AndroidManifest.xml:23:9-34:20
65            android:name="com.optinmapresta.MainActivity"
65-->src\main\AndroidManifest.xml:24:13-41
66            android:configChanges="orientation|keyboardHidden|keyboard|screenSize|smallestScreenSize|locale|layoutDirection|fontScale|screenLayout|density|uiMode"
66-->src\main\AndroidManifest.xml:27:13-163
67            android:hardwareAccelerated="true"
67-->src\main\AndroidManifest.xml:28:13-47
68            android:launchMode="singleTop"
68-->src\main\AndroidManifest.xml:25:13-43
69            android:theme="@style/LaunchTheme"
69-->src\main\AndroidManifest.xml:26:13-47
70            android:windowSoftInputMode="adjustResize" >
70-->src\main\AndroidManifest.xml:29:13-55
71            <intent-filter>
71-->src\main\AndroidManifest.xml:30:13-33:29
72                <action android:name="android.intent.action.MAIN" />
72-->src\main\AndroidManifest.xml:31:17-68
72-->src\main\AndroidManifest.xml:31:25-66
73
74                <category android:name="android.intent.category.LAUNCHER" />
74-->src\main\AndroidManifest.xml:32:17-76
74-->src\main\AndroidManifest.xml:32:27-74
75            </intent-filter>
76        </activity>
77        <!--
78             Don't delete the meta-data below.
79             This is used by the Flutter tool to generate GeneratedPluginRegistrant.java
80        -->
81        <meta-data
81-->src\main\AndroidManifest.xml:37:9-39:33
82            android:name="flutterEmbedding"
82-->src\main\AndroidManifest.xml:38:13-44
83            android:value="2" />
83-->src\main\AndroidManifest.xml:39:13-30
84        <meta-data
84-->src\main\AndroidManifest.xml:40:9-42:69
85            android:name="com.google.android.gms.ads.APPLICATION_ID"
85-->src\main\AndroidManifest.xml:41:13-69
86            android:value="ca-app-pub-4730729327706435~5907314797" />
86-->src\main\AndroidManifest.xml:42:13-67
87
88        <service
88-->[:firebase_core] AndroidManifest.xml:8:9-12:19
89            android:name="com.google.firebase.components.ComponentDiscoveryService"
89-->[:firebase_core] AndroidManifest.xml:8:18-89
90            android:directBootAware="true"
90-->[com.google.firebase:firebase-common:19.3.0] AndroidManifest.xml:34:13-43
91            android:exported="false" >
91-->[com.google.android.gms:play-services-measurement-api:17.2.2] AndroidManifest.xml:29:13-37
92            <meta-data
92-->[:firebase_core] AndroidManifest.xml:9:13-11:85
93                android:name="com.google.firebase.components:io.flutter.plugins.firebase.core.FlutterFirebaseAppRegistrar"
93-->[:firebase_core] AndroidManifest.xml:10:17-123
94                android:value="com.google.firebase.components.ComponentRegistrar" />
94-->[:firebase_core] AndroidManifest.xml:11:17-82
95            <meta-data
95-->[com.google.android.gms:play-services-measurement-api:17.2.2] AndroidManifest.xml:30:13-32:85
96                android:name="com.google.firebase.components:com.google.firebase.analytics.connector.internal.AnalyticsConnectorRegistrar"
96-->[com.google.android.gms:play-services-measurement-api:17.2.2] AndroidManifest.xml:31:17-139
97                android:value="com.google.firebase.components.ComponentRegistrar" />
97-->[com.google.android.gms:play-services-measurement-api:17.2.2] AndroidManifest.xml:32:17-82
98            <meta-data
98-->[com.google.firebase:firebase-iid:20.0.2] AndroidManifest.xml:32:13-34:85
99                android:name="com.google.firebase.components:com.google.firebase.iid.Registrar"
99-->[com.google.firebase:firebase-iid:20.0.2] AndroidManifest.xml:33:17-96
100                android:value="com.google.firebase.components.ComponentRegistrar" />
100-->[com.google.firebase:firebase-iid:20.0.2] AndroidManifest.xml:34:17-82
101        </service>
102
103        <activity
103-->[:url_launcher] AndroidManifest.xml:8:9-11:74
104            android:name="io.flutter.plugins.urllauncher.WebViewActivity"
104-->[:url_launcher] AndroidManifest.xml:9:13-74
105            android:exported="false"
105-->[:url_launcher] AndroidManifest.xml:10:13-37
106            android:theme="@android:style/Theme.NoTitleBar.Fullscreen" />
106-->[:url_launcher] AndroidManifest.xml:11:13-71
107
108        <provider
108-->[:flutter_webview_plugin] AndroidManifest.xml:9:9-18:20
109            android:name="androidx.core.content.FileProvider"
109-->[:flutter_webview_plugin] AndroidManifest.xml:10:13-62
110            android:authorities="com.optinmapresta.fileprovider"
110-->[:flutter_webview_plugin] AndroidManifest.xml:11:13-64
111            android:exported="false"
111-->[:flutter_webview_plugin] AndroidManifest.xml:12:13-37
112            android:grantUriPermissions="true" >
112-->[:flutter_webview_plugin] AndroidManifest.xml:13:13-47
113            <meta-data
113-->[:flutter_webview_plugin] AndroidManifest.xml:15:13-17:53
114                android:name="android.support.FILE_PROVIDER_PATHS"
114-->[:flutter_webview_plugin] AndroidManifest.xml:16:17-67
115                android:resource="@xml/filepaths" />
115-->[:flutter_webview_plugin] AndroidManifest.xml:17:17-50
116        </provider>
117
118        <meta-data
118-->[com.onesignal:OneSignal:3.15.3] AndroidManifest.xml:49:9-51:51
119            android:name="onesignal_app_id"
119-->[com.onesignal:OneSignal:3.15.3] AndroidManifest.xml:50:13-44
120            android:value="90b0425f-3d32-429a-a7f5-cc4e5e82fe49" /> <!-- Deprecated - Pulled from OneSignal dashboard. -->
120-->[com.onesignal:OneSignal:3.15.3] AndroidManifest.xml:51:13-48
121        <meta-data
121-->[com.onesignal:OneSignal:3.15.3] AndroidManifest.xml:53:9-55:70
122            android:name="onesignal_google_project_number"
122-->[com.onesignal:OneSignal:3.15.3] AndroidManifest.xml:54:13-59
123            android:value="str:400659587054" />
123-->[com.onesignal:OneSignal:3.15.3] AndroidManifest.xml:55:13-67
124
125        <receiver
125-->[com.onesignal:OneSignal:3.15.3] AndroidManifest.xml:57:9-67:20
126            android:name="com.onesignal.GcmBroadcastReceiver"
126-->[com.onesignal:OneSignal:3.15.3] AndroidManifest.xml:58:13-62
127            android:permission="com.google.android.c2dm.permission.SEND" >
127-->[com.onesignal:OneSignal:3.15.3] AndroidManifest.xml:59:13-73
128
129            <!-- High priority so OneSignal payloads can be filtered from other GCM receivers if filterOtherGCMReceivers is enabled. -->
130            <intent-filter android:priority="999" >
130-->[com.onesignal:OneSignal:3.15.3] AndroidManifest.xml:62:13-66:29
130-->[com.onesignal:OneSignal:3.15.3] AndroidManifest.xml:62:28-50
131                <action android:name="com.google.android.c2dm.intent.RECEIVE" />
131-->[com.onesignal:OneSignal:3.15.3] AndroidManifest.xml:63:17-81
131-->[com.onesignal:OneSignal:3.15.3] AndroidManifest.xml:63:25-78
132
133                <category android:name="com.optinmapresta" />
133-->[com.onesignal:OneSignal:3.15.3] AndroidManifest.xml:65:17-61
133-->[com.onesignal:OneSignal:3.15.3] AndroidManifest.xml:65:27-58
134            </intent-filter>
135        </receiver>
136        <receiver android:name="com.onesignal.NotificationOpenedReceiver" />
136-->[com.onesignal:OneSignal:3.15.3] AndroidManifest.xml:68:9-77
136-->[com.onesignal:OneSignal:3.15.3] AndroidManifest.xml:68:19-74
137
138        <service
138-->[com.onesignal:OneSignal:3.15.3] AndroidManifest.xml:70:9-76:19
139            android:name="com.onesignal.HmsMessageServiceOneSignal"
139-->[com.onesignal:OneSignal:3.15.3] AndroidManifest.xml:71:13-68
140            android:exported="false" >
140-->[com.onesignal:OneSignal:3.15.3] AndroidManifest.xml:72:13-37
141            <intent-filter>
141-->[com.onesignal:OneSignal:3.15.3] AndroidManifest.xml:73:13-75:29
142                <action android:name="com.huawei.push.action.MESSAGING_EVENT" />
142-->[com.onesignal:OneSignal:3.15.3] AndroidManifest.xml:74:17-81
142-->[com.onesignal:OneSignal:3.15.3] AndroidManifest.xml:74:25-78
143            </intent-filter>
144        </service>
145
146        <activity
146-->[com.onesignal:OneSignal:3.15.3] AndroidManifest.xml:78:9-84:20
147            android:name="com.onesignal.NotificationOpenedActivityHMS"
147-->[com.onesignal:OneSignal:3.15.3] AndroidManifest.xml:79:13-71
148            android:theme="@android:style/Theme.Translucent.NoTitleBar" >
148-->[com.onesignal:OneSignal:3.15.3] AndroidManifest.xml:80:13-72
149            <intent-filter>
149-->[com.onesignal:OneSignal:3.15.3] AndroidManifest.xml:81:13-83:29
150                <action android:name="android.intent.action.VIEW" />
150-->[com.onesignal:OneSignal:3.15.3] AndroidManifest.xml:82:17-69
150-->[com.onesignal:OneSignal:3.15.3] AndroidManifest.xml:82:25-66
151            </intent-filter>
152        </activity>
153
154        <service android:name="com.onesignal.GcmIntentService" />
154-->[com.onesignal:OneSignal:3.15.3] AndroidManifest.xml:86:9-66
154-->[com.onesignal:OneSignal:3.15.3] AndroidManifest.xml:86:18-63
155        <service
155-->[com.onesignal:OneSignal:3.15.3] AndroidManifest.xml:87:9-89:72
156            android:name="com.onesignal.GcmIntentJobService"
156-->[com.onesignal:OneSignal:3.15.3] AndroidManifest.xml:88:13-61
157            android:permission="android.permission.BIND_JOB_SERVICE" />
157-->[com.onesignal:OneSignal:3.15.3] AndroidManifest.xml:89:13-69
158        <service
158-->[com.onesignal:OneSignal:3.15.3] AndroidManifest.xml:90:9-92:72
159            android:name="com.onesignal.RestoreJobService"
159-->[com.onesignal:OneSignal:3.15.3] AndroidManifest.xml:91:13-59
160            android:permission="android.permission.BIND_JOB_SERVICE" />
160-->[com.onesignal:OneSignal:3.15.3] AndroidManifest.xml:92:13-69
161        <service
161-->[com.onesignal:OneSignal:3.15.3] AndroidManifest.xml:93:9-95:72
162            android:name="com.onesignal.RestoreKickoffJobService"
162-->[com.onesignal:OneSignal:3.15.3] AndroidManifest.xml:94:13-66
163            android:permission="android.permission.BIND_JOB_SERVICE" />
163-->[com.onesignal:OneSignal:3.15.3] AndroidManifest.xml:95:13-69
164        <service
164-->[com.onesignal:OneSignal:3.15.3] AndroidManifest.xml:96:9-98:43
165            android:name="com.onesignal.SyncService"
165-->[com.onesignal:OneSignal:3.15.3] AndroidManifest.xml:97:13-53
166            android:stopWithTask="true" />
166-->[com.onesignal:OneSignal:3.15.3] AndroidManifest.xml:98:13-40
167        <service
167-->[com.onesignal:OneSignal:3.15.3] AndroidManifest.xml:99:9-101:72
168            android:name="com.onesignal.SyncJobService"
168-->[com.onesignal:OneSignal:3.15.3] AndroidManifest.xml:100:13-56
169            android:permission="android.permission.BIND_JOB_SERVICE" />
169-->[com.onesignal:OneSignal:3.15.3] AndroidManifest.xml:101:13-69
170
171        <activity
171-->[com.onesignal:OneSignal:3.15.3] AndroidManifest.xml:103:9-105:75
172            android:name="com.onesignal.PermissionsActivity"
172-->[com.onesignal:OneSignal:3.15.3] AndroidManifest.xml:104:13-61
173            android:theme="@android:style/Theme.Translucent.NoTitleBar" />
173-->[com.onesignal:OneSignal:3.15.3] AndroidManifest.xml:105:13-72
174
175        <service android:name="com.onesignal.NotificationRestoreService" />
175-->[com.onesignal:OneSignal:3.15.3] AndroidManifest.xml:107:9-76
175-->[com.onesignal:OneSignal:3.15.3] AndroidManifest.xml:107:18-73
176
177        <receiver android:name="com.onesignal.BootUpReceiver" >
177-->[com.onesignal:OneSignal:3.15.3] AndroidManifest.xml:109:9-114:20
177-->[com.onesignal:OneSignal:3.15.3] AndroidManifest.xml:109:19-62
178            <intent-filter>
178-->[com.onesignal:OneSignal:3.15.3] AndroidManifest.xml:110:13-113:29
179                <action android:name="android.intent.action.BOOT_COMPLETED" />
179-->[com.onesignal:OneSignal:3.15.3] AndroidManifest.xml:111:17-79
179-->[com.onesignal:OneSignal:3.15.3] AndroidManifest.xml:111:25-76
180                <action android:name="android.intent.action.QUICKBOOT_POWERON" />
180-->[com.onesignal:OneSignal:3.15.3] AndroidManifest.xml:112:17-82
180-->[com.onesignal:OneSignal:3.15.3] AndroidManifest.xml:112:25-79
181            </intent-filter>
182        </receiver>
183        <receiver android:name="com.onesignal.UpgradeReceiver" >
183-->[com.onesignal:OneSignal:3.15.3] AndroidManifest.xml:115:9-119:20
183-->[com.onesignal:OneSignal:3.15.3] AndroidManifest.xml:115:19-63
184            <intent-filter>
184-->[com.onesignal:OneSignal:3.15.3] AndroidManifest.xml:116:13-118:29
185                <action android:name="android.intent.action.MY_PACKAGE_REPLACED" />
185-->[com.onesignal:OneSignal:3.15.3] AndroidManifest.xml:117:17-84
185-->[com.onesignal:OneSignal:3.15.3] AndroidManifest.xml:117:25-81
186            </intent-filter>
187        </receiver>
188        <!--
189             FirebaseMessagingService performs security checks at runtime,
190             but set to not exported to explicitly avoid allowing another app to call it.
191        -->
192        <service
192-->[com.google.firebase:firebase-messaging:20.0.0] AndroidManifest.xml:28:9-34:19
193            android:name="com.google.firebase.messaging.FirebaseMessagingService"
193-->[com.google.firebase:firebase-messaging:20.0.0] AndroidManifest.xml:29:13-82
194            android:exported="false" >
194-->[com.google.firebase:firebase-messaging:20.0.0] AndroidManifest.xml:30:13-37
195            <intent-filter android:priority="-500" >
195-->[com.google.firebase:firebase-messaging:20.0.0] AndroidManifest.xml:31:13-33:29
195-->[com.google.firebase:firebase-messaging:20.0.0] AndroidManifest.xml:31:28-51
196                <action android:name="com.google.firebase.MESSAGING_EVENT" />
196-->[com.google.firebase:firebase-messaging:20.0.0] AndroidManifest.xml:32:17-78
196-->[com.google.firebase:firebase-messaging:20.0.0] AndroidManifest.xml:32:25-75
197            </intent-filter>
198        </service>
199
200        <receiver
200-->[com.google.firebase:firebase-iid:20.0.2] AndroidManifest.xml:37:9-44:20
201            android:name="com.google.firebase.iid.FirebaseInstanceIdReceiver"
201-->[com.google.firebase:firebase-iid:20.0.2] AndroidManifest.xml:38:13-78
202            android:exported="true"
202-->[com.google.firebase:firebase-iid:20.0.2] AndroidManifest.xml:39:13-36
203            android:permission="com.google.android.c2dm.permission.SEND" >
203-->[com.google.firebase:firebase-iid:20.0.2] AndroidManifest.xml:40:13-73
204            <intent-filter>
204-->[com.google.firebase:firebase-iid:20.0.2] AndroidManifest.xml:41:13-43:29
205                <action android:name="com.google.android.c2dm.intent.RECEIVE" />
205-->[com.onesignal:OneSignal:3.15.3] AndroidManifest.xml:63:17-81
205-->[com.onesignal:OneSignal:3.15.3] AndroidManifest.xml:63:25-78
206            </intent-filter>
207        </receiver>
208
209        <activity
209-->[com.google.android.gms:play-services-base:17.2.1] AndroidManifest.xml:23:9-26:75
210            android:name="com.google.android.gms.common.api.GoogleApiActivity"
210-->[com.google.android.gms:play-services-base:17.2.1] AndroidManifest.xml:24:13-79
211            android:exported="false"
211-->[com.google.android.gms:play-services-base:17.2.1] AndroidManifest.xml:25:13-37
212            android:theme="@android:style/Theme.Translucent.NoTitleBar" /> <!-- Include the AdActivity and InAppPurchaseActivity configChanges and themes. -->
212-->[com.google.android.gms:play-services-base:17.2.1] AndroidManifest.xml:26:13-72
213        <activity
213-->[com.google.android.gms:play-services-ads-lite:18.1.1] AndroidManifest.xml:29:9-33:64
214            android:name="com.google.android.gms.ads.AdActivity"
214-->[com.google.android.gms:play-services-ads-lite:18.1.1] AndroidManifest.xml:30:13-65
215            android:configChanges="keyboard|keyboardHidden|orientation|screenLayout|uiMode|screenSize|smallestScreenSize"
215-->[com.google.android.gms:play-services-ads-lite:18.1.1] AndroidManifest.xml:31:13-122
216            android:exported="false"
216-->[com.google.android.gms:play-services-ads-lite:18.1.1] AndroidManifest.xml:32:13-37
217            android:theme="@android:style/Theme.Translucent" />
217-->[com.google.android.gms:play-services-ads-lite:18.1.1] AndroidManifest.xml:33:13-61
218
219        <provider
219-->[com.google.android.gms:play-services-ads-lite:18.1.1] AndroidManifest.xml:35:9-39:39
220            android:name="com.google.android.gms.ads.MobileAdsInitProvider"
220-->[com.google.android.gms:play-services-ads-lite:18.1.1] AndroidManifest.xml:36:13-76
221            android:authorities="com.optinmapresta.mobileadsinitprovider"
221-->[com.google.android.gms:play-services-ads-lite:18.1.1] AndroidManifest.xml:37:13-73
222            android:exported="false"
222-->[com.google.android.gms:play-services-ads-lite:18.1.1] AndroidManifest.xml:38:13-37
223            android:initOrder="100" />
223-->[com.google.android.gms:play-services-ads-lite:18.1.1] AndroidManifest.xml:39:13-36
224
225        <receiver
225-->[com.google.android.gms:play-services-measurement:17.2.2] AndroidManifest.xml:29:9-33:20
226            android:name="com.google.android.gms.measurement.AppMeasurementReceiver"
226-->[com.google.android.gms:play-services-measurement:17.2.2] AndroidManifest.xml:30:13-85
227            android:enabled="true"
227-->[com.google.android.gms:play-services-measurement:17.2.2] AndroidManifest.xml:31:13-35
228            android:exported="false" >
228-->[com.google.android.gms:play-services-measurement:17.2.2] AndroidManifest.xml:32:13-37
229        </receiver>
230        <receiver
230-->[com.google.android.gms:play-services-measurement:17.2.2] AndroidManifest.xml:34:9-42:20
231            android:name="com.google.android.gms.measurement.AppMeasurementInstallReferrerReceiver"
231-->[com.google.android.gms:play-services-measurement:17.2.2] AndroidManifest.xml:35:13-100
232            android:enabled="true"
232-->[com.google.android.gms:play-services-measurement:17.2.2] AndroidManifest.xml:36:13-35
233            android:exported="true"
233-->[com.google.android.gms:play-services-measurement:17.2.2] AndroidManifest.xml:37:13-36
234            android:permission="android.permission.INSTALL_PACKAGES" >
234-->[com.google.android.gms:play-services-measurement:17.2.2] AndroidManifest.xml:38:13-69
235            <intent-filter>
235-->[com.google.android.gms:play-services-measurement:17.2.2] AndroidManifest.xml:39:13-41:29
236                <action android:name="com.android.vending.INSTALL_REFERRER" />
236-->[com.google.android.gms:play-services-measurement:17.2.2] AndroidManifest.xml:40:17-79
236-->[com.google.android.gms:play-services-measurement:17.2.2] AndroidManifest.xml:40:25-76
237            </intent-filter>
238        </receiver>
239
240        <service
240-->[com.google.android.gms:play-services-measurement:17.2.2] AndroidManifest.xml:44:9-47:40
241            android:name="com.google.android.gms.measurement.AppMeasurementService"
241-->[com.google.android.gms:play-services-measurement:17.2.2] AndroidManifest.xml:45:13-84
242            android:enabled="true"
242-->[com.google.android.gms:play-services-measurement:17.2.2] AndroidManifest.xml:46:13-35
243            android:exported="false" />
243-->[com.google.android.gms:play-services-measurement:17.2.2] AndroidManifest.xml:47:13-37
244        <service
244-->[com.google.android.gms:play-services-measurement:17.2.2] AndroidManifest.xml:48:9-52:72
245            android:name="com.google.android.gms.measurement.AppMeasurementJobService"
245-->[com.google.android.gms:play-services-measurement:17.2.2] AndroidManifest.xml:49:13-87
246            android:enabled="true"
246-->[com.google.android.gms:play-services-measurement:17.2.2] AndroidManifest.xml:50:13-35
247            android:exported="false"
247-->[com.google.android.gms:play-services-measurement:17.2.2] AndroidManifest.xml:51:13-37
248            android:permission="android.permission.BIND_JOB_SERVICE" />
248-->[com.google.android.gms:play-services-measurement:17.2.2] AndroidManifest.xml:52:13-69
249
250        <provider
250-->[com.google.firebase:firebase-common:19.3.0] AndroidManifest.xml:26:9-30:39
251            android:name="com.google.firebase.provider.FirebaseInitProvider"
251-->[com.google.firebase:firebase-common:19.3.0] AndroidManifest.xml:27:13-77
252            android:authorities="com.optinmapresta.firebaseinitprovider"
252-->[com.google.firebase:firebase-common:19.3.0] AndroidManifest.xml:28:13-72
253            android:exported="false"
253-->[com.google.firebase:firebase-common:19.3.0] AndroidManifest.xml:29:13-37
254            android:initOrder="100" />
254-->[com.google.firebase:firebase-common:19.3.0] AndroidManifest.xml:30:13-36
255
256        <meta-data
256-->[com.google.android.gms:play-services-basement:17.2.1] AndroidManifest.xml:23:9-25:69
257            android:name="com.google.android.gms.version"
257-->[com.google.android.gms:play-services-basement:17.2.1] AndroidManifest.xml:24:13-58
258            android:value="@integer/google_play_services_version" />
258-->[com.google.android.gms:play-services-basement:17.2.1] AndroidManifest.xml:25:13-66
259    </application>
260
261</manifest>